# JRE version: OpenJDK Runtime Environment (17.0.6) (build 17.0.6+0-b2043.56-10027231)
# Java VM: OpenJDK 64-Bit Server VM (17.0.6+0-b2043.56-10027231, mixed mode, tiered, compressed oops, compressed class ptrs, g1 gc, windows-amd64)
GC Precious Log:
 CPUs: 4 total, 4 available
 Memory: 7891M
 Large Page Support: Disabled
 NUMA Support: Disabled
 Compressed Oops: Enabled (32-bit)
 Heap Region Size: 1M
 Heap Min Capacity: 8M
 Heap Initial Capacity: 124M
 Heap Max Capacity: 2G
 Pre-touch: Disabled
 Parallel Workers: 4
 Concurrent Workers: 1
 Concurrent Refinement Workers: 4
 Periodic GC: Disabled
Heap:
 garbage-first heap   total 376832K, used 169544K [0x0000000080000000, 0x0000000100000000)
  region size 1024K, 25 young (25600K), 4 survivors (4096K)
 Metaspace       used 136934K, committed 137920K, reserved 1171456K
  class space    used 18258K, committed 18752K, reserved 1048576K
GC Heap History (20 events):
Event: 57.696 GC heap before
{Heap before GC invocations=47 (full 0):
 garbage-first heap   total 188416K, used 111919K [0x0000000080000000, 0x0000000100000000)
  region size 1024K, 9 young (9216K), 5 survivors (5120K)
 Metaspace       used 97693K, committed 98432K, reserved 1138688K
  class space    used 13317K, committed 13696K, reserved 1048576K
}
Event: 57.708 GC heap after
{Heap after GC invocations=48 (full 0):
 garbage-first heap   total 188416K, used 106609K [0x0000000080000000, 0x0000000100000000)
  region size 1024K, 2 young (2048K), 2 survivors (2048K)
 Metaspace       used 97693K, committed 98432K, reserved 1138688K
  class space    used 13317K, committed 13696K, reserved 1048576K
}
Event: 58.610 GC heap before
{Heap before GC invocations=48 (full 0):
 garbage-first heap   total 188416K, used 151665K [0x0000000080000000, 0x0000000100000000)
  region size 1024K, 47 young (48128K), 2 survivors (2048K)
 Metaspace       used 97845K, committed 98624K, reserved 1138688K
  class space    used 13341K, committed 13696K, reserved 1048576K
}
Event: 58.628 GC heap after
{Heap after GC invocations=49 (full 0):
 garbage-first heap   total 376832K, used 109302K [0x0000000080000000, 0x0000000100000000)
  region size 1024K, 5 young (5120K), 5 survivors (5120K)
 Metaspace       used 97845K, committed 98624K, reserved 1138688K
  class space    used 13341K, committed 13696K, reserved 1048576K
}
Event: 68.054 GC heap before
{Heap before GC invocations=49 (full 0):
 garbage-first heap   total 376832K, used 322294K [0x0000000080000000, 0x0000000100000000)
  region size 1024K, 187 young (191488K), 5 survivors (5120K)
 Metaspace       used 101483K, committed 102272K, reserved 1138688K
  class space    used 13735K, committed 14144K, reserved 1048576K
}
Event: 68.095 GC heap after
{Heap after GC invocations=50 (full 0):
 garbage-first heap   total 376832K, used 147787K [0x0000000080000000, 0x0000000100000000)
  region size 1024K, 15 young (15360K), 15 survivors (15360K)
 Metaspace       used 101483K, committed 102272K, reserved 1138688K
  class space    used 13735K, committed 14144K, reserved 1048576K
}
Event: 445.780 GC heap before
{Heap before GC invocations=51 (full 0):
 garbage-first heap   total 376832K, used 347467K [0x0000000080000000, 0x0000000100000000)
  region size 1024K, 163 young (166912K), 15 survivors (15360K)
 Metaspace       used 106317K, committed 107136K, reserved 1146880K
  class space    used 14286K, committed 14720K, reserved 1048576K
}
Event: 445.841 GC heap after
{Heap after GC invocations=52 (full 0):
 garbage-first heap   total 376832K, used 144258K [0x0000000080000000, 0x0000000100000000)
  region size 1024K, 14 young (14336K), 14 survivors (14336K)
 Metaspace       used 106317K, committed 107136K, reserved 1146880K
  class space    used 14286K, committed 14720K, reserved 1048576K
}
Event: 446.193 GC heap before
{Heap before GC invocations=52 (full 0):
 garbage-first heap   total 376832K, used 147330K [0x0000000080000000, 0x0000000100000000)
  region size 1024K, 18 young (18432K), 14 survivors (14336K)
 Metaspace       used 106766K, committed 107584K, reserved 1146880K
  class space    used 14340K, committed 14720K, reserved 1048576K
}
Event: 446.223 GC heap after
{Heap after GC invocations=53 (full 0):
 garbage-first heap   total 376832K, used 145398K [0x0000000080000000, 0x0000000100000000)
  region size 1024K, 2 young (2048K), 2 survivors (2048K)
 Metaspace       used 106766K, committed 107584K, reserved 1146880K
  class space    used 14340K, committed 14720K, reserved 1048576K
}
Event: 457.236 GC heap before
{Heap before GC invocations=53 (full 0):
 garbage-first heap   total 376832K, used 297974K [0x0000000080000000, 0x0000000100000000)
  region size 1024K, 152 young (155648K), 2 survivors (2048K)
 Metaspace       used 113139K, committed 114048K, reserved 1155072K
  class space    used 15163K, committed 15616K, reserved 1048576K
}
Event: 457.266 GC heap after
{Heap after GC invocations=54 (full 0):
 garbage-first heap   total 376832K, used 151202K [0x0000000080000000, 0x0000000100000000)
  region size 1024K, 8 young (8192K), 8 survivors (8192K)
 Metaspace       used 113139K, committed 114048K, reserved 1155072K
  class space    used 15163K, committed 15616K, reserved 1048576K
}
Event: 458.153 GC heap before
{Heap before GC invocations=54 (full 0):
 garbage-first heap   total 376832K, used 176802K [0x0000000080000000, 0x0000000100000000)
  region size 1024K, 35 young (35840K), 8 survivors (8192K)
 Metaspace       used 113216K, committed 114112K, reserved 1155072K
  class space    used 15167K, committed 15616K, reserved 1048576K
}
Event: 458.174 GC heap after
{Heap after GC invocations=55 (full 0):
 garbage-first heap   total 376832K, used 151500K [0x0000000080000000, 0x0000000100000000)
  region size 1024K, 8 young (8192K), 8 survivors (8192K)
 Metaspace       used 113216K, committed 114112K, reserved 1155072K
  class space    used 15167K, committed 15616K, reserved 1048576K
}
Event: 482.314 GC heap before
{Heap before GC invocations=56 (full 0):
 garbage-first heap   total 376832K, used 308172K [0x0000000080000000, 0x0000000100000000)
  region size 1024K, 164 young (167936K), 8 survivors (8192K)
 Metaspace       used 129263K, committed 130240K, reserved 1163264K
  class space    used 17190K, committed 17664K, reserved 1048576K
}
Event: 482.349 GC heap after
{Heap after GC invocations=57 (full 0):
 garbage-first heap   total 376832K, used 149863K [0x0000000080000000, 0x0000000100000000)
  region size 1024K, 18 young (18432K), 18 survivors (18432K)
 Metaspace       used 129263K, committed 130240K, reserved 1163264K
  class space    used 17190K, committed 17664K, reserved 1048576K
}
Event: 482.379 GC heap before
{Heap before GC invocations=57 (full 0):
 garbage-first heap   total 376832K, used 150887K [0x0000000080000000, 0x0000000100000000)
  region size 1024K, 19 young (19456K), 18 survivors (18432K)
 Metaspace       used 129494K, committed 130496K, reserved 1163264K
  class space    used 17221K, committed 17728K, reserved 1048576K
}
Event: 482.422 GC heap after
{Heap after GC invocations=58 (full 0):
 garbage-first heap   total 376832K, used 147528K [0x0000000080000000, 0x0000000100000000)
  region size 1024K, 2 young (2048K), 2 survivors (2048K)
 Metaspace       used 129494K, committed 130496K, reserved 1163264K
  class space    used 17221K, committed 17728K, reserved 1048576K
}
Event: 484.713 GC heap before
{Heap before GC invocations=58 (full 0):
 garbage-first heap   total 376832K, used 204872K [0x0000000080000000, 0x0000000100000000)
  region size 1024K, 59 young (60416K), 2 survivors (2048K)
 Metaspace       used 135493K, committed 136448K, reserved 1171456K
  class space    used 17948K, committed 18432K, reserved 1048576K
}
Event: 484.723 GC heap after
{Heap after GC invocations=59 (full 0):
 garbage-first heap   total 376832K, used 149064K [0x0000000080000000, 0x0000000100000000)
  region size 1024K, 4 young (4096K), 4 survivors (4096K)
 Metaspace       used 135493K, committed 136448K, reserved 1171456K
  class space    used 17948K, committed 18432K, reserved 1048576K
}

